<?xml version="1.0" encoding="UTF-8"?><testsuite errors="0" failures="1" name="as a user I want an Api's) to create and authenticate" skipped="0" tests="1" time="16.28" timestamp="2022-11-28 08:52:37"><testcase name="create user on the platform"><failure message="&#10;Expecting a value that is equal to: &lt;201&gt;&#10;But got...........................: &lt;200&gt;" type="java.lang.AssertionError">
Expecting a value that is equal to: &lt;201&gt;
But got...........................: &lt;200&gt;</failure><system-err>
Expecting a value that is equal to: &lt;201&gt;
But got...........................: &lt;200&gt;&#13;
co.com.poli.nearworkauto.stepdefinitions.UserStepDefinitions.heShouldGetTheStatusCode(UserStepDefinitions.java:41)&#13;
io.cucumber.java.Invoker.doInvoke(Invoker.java:66)&#13;
io.cucumber.java.Invoker.invoke(Invoker.java:24)&#13;
io.cucumber.java.AbstractGlueDefinition.invokeMethod(AbstractGlueDefinition.java:47)&#13;
io.cucumber.java.JavaStepDefinition.execute(JavaStepDefinition.java:29)&#13;
io.cucumber.core.runner.CoreStepDefinition.execute(CoreStepDefinition.java:66)&#13;
io.cucumber.core.runner.PickleStepDefinitionMatch.runStep(PickleStepDefinitionMatch.java:63)&#13;
io.cucumber.core.runner.TestStep.executeStep(TestStep.java:92)&#13;
io.cucumber.core.runner.TestStep.run(TestStep.java:64)&#13;
io.cucumber.core.runner.PickleStepTestStep.run(PickleStepTestStep.java:51)&#13;
io.cucumber.core.runner.TestCase.run(TestCase.java:104)&#13;
io.cucumber.core.runner.Runner.runPickle(Runner.java:71)&#13;
io.cucumber.junit.FeatureRunner.runChild(FeatureRunner.java:135)&#13;
io.cucumber.junit.FeatureRunner.runChild(FeatureRunner.java:27)&#13;
io.cucumber.junit.CucumberSerenityRunner.runChild(CucumberSerenityRunner.java:234)&#13;
io.cucumber.junit.CucumberSerenityRunner.runChild(CucumberSerenityRunner.java:57)&#13;
worker.org.gradle.process.internal.worker.GradleWorkerMain.run(GradleWorkerMain.java:69)&#13;
worker.org.gradle.process.internal.worker.GradleWorkerMain.main(GradleWorkerMain.java:74)&#13;
</system-err></testcase></testsuite>